# JRE version: OpenJDK Runtime Environment (11.0.15) (build 11.0.15+0-b2043.56-9505619)
# Java VM: OpenJDK 64-Bit Server VM (11.0.15+0-b2043.56-9505619, mixed mode, tiered, compressed oops, g1 gc, windows-amd64)
Heap:
 garbage-first heap   total 143360K, used 93143K [0x0000000080000000, 0x0000000100000000)
  region size 1024K, 14 young (14336K), 3 survivors (3072K)
 Metaspace       used 90219K, capacity 92279K, committed 92368K, reserved 1128448K
  class space    used 11731K, capacity 12540K, committed 12620K, reserved 1048576K
GC Heap History (20 events):
Event: 25.735 GC heap before
{Heap before GC invocations=23 (full 0):
 garbage-first heap   total 118784K, used 92252K [0x0000000080000000, 0x0000000100000000)
  region size 1024K, 31 young (31744K), 3 survivors (3072K)
 Metaspace       used 73461K, capacity 75156K, committed 75472K, reserved 1114112K
  class space    used 9313K, capacity 9982K, committed 10060K, reserved 1048576K
}
Event: 25.751 GC heap after
{Heap after GC invocations=24 (full 0):
 garbage-first heap   total 118784K, used 65722K [0x0000000080000000, 0x0000000100000000)
  region size 1024K, 4 young (4096K), 4 survivors (4096K)
 Metaspace       used 73461K, capacity 75156K, committed 75472K, reserved 1114112K
  class space    used 9313K, capacity 9982K, committed 10060K, reserved 1048576K
}
Event: 26.660 GC heap before
{Heap before GC invocations=25 (full 0):
 garbage-first heap   total 118784K, used 93370K [0x0000000080000000, 0x0000000100000000)
  region size 1024K, 31 young (31744K), 4 survivors (4096K)
 Metaspace       used 73529K, capacity 75254K, committed 75472K, reserved 1114112K
  class space    used 9323K, capacity 10016K, committed 10060K, reserved 1048576K
}
Event: 26.674 GC heap after
{Heap after GC invocations=26 (full 0):
 garbage-first heap   total 118784K, used 67623K [0x0000000080000000, 0x0000000100000000)
  region size 1024K, 3 young (3072K), 3 survivors (3072K)
 Metaspace       used 73529K, capacity 75254K, committed 75472K, reserved 1114112K
  class space    used 9323K, capacity 10016K, committed 10060K, reserved 1048576K
}
Event: 28.123 GC heap before
{Heap before GC invocations=26 (full 0):
 garbage-first heap   total 118784K, used 95271K [0x0000000080000000, 0x0000000100000000)
  region size 1024K, 30 young (30720K), 3 survivors (3072K)
 Metaspace       used 76381K, capacity 78121K, committed 78288K, reserved 1118208K
  class space    used 9761K, capacity 10436K, committed 10572K, reserved 1048576K
}
Event: 28.131 GC heap after
{Heap after GC invocations=27 (full 0):
 garbage-first heap   total 118784K, used 69018K [0x0000000080000000, 0x0000000100000000)
  region size 1024K, 4 young (4096K), 4 survivors (4096K)
 Metaspace       used 76381K, capacity 78121K, committed 78288K, reserved 1118208K
  class space    used 9761K, capacity 10436K, committed 10572K, reserved 1048576K
}
Event: 29.273 GC heap before
{Heap before GC invocations=28 (full 0):
 garbage-first heap   total 118784K, used 96666K [0x0000000080000000, 0x0000000100000000)
  region size 1024K, 31 young (31744K), 4 survivors (4096K)
 Metaspace       used 79454K, capacity 81250K, committed 81360K, reserved 1120256K
  class space    used 10285K, capacity 10979K, committed 11084K, reserved 1048576K
}
Event: 29.280 GC heap after
{Heap after GC invocations=29 (full 0):
 garbage-first heap   total 118784K, used 70675K [0x0000000080000000, 0x0000000100000000)
  region size 1024K, 4 young (4096K), 4 survivors (4096K)
 Metaspace       used 79454K, capacity 81250K, committed 81360K, reserved 1120256K
  class space    used 10285K, capacity 10979K, committed 11084K, reserved 1048576K
}
Event: 30.155 GC heap before
{Heap before GC invocations=29 (full 0):
 garbage-first heap   total 118784K, used 98323K [0x0000000080000000, 0x0000000100000000)
  region size 1024K, 31 young (31744K), 4 survivors (4096K)
 Metaspace       used 82124K, capacity 83940K, committed 84048K, reserved 1122304K
  class space    used 10656K, capacity 11396K, committed 11468K, reserved 1048576K
}
Event: 30.173 GC heap after
{Heap after GC invocations=30 (full 0):
 garbage-first heap   total 118784K, used 72750K [0x0000000080000000, 0x0000000100000000)
  region size 1024K, 4 young (4096K), 4 survivors (4096K)
 Metaspace       used 82124K, capacity 83940K, committed 84048K, reserved 1122304K
  class space    used 10656K, capacity 11396K, committed 11468K, reserved 1048576K
}
Event: 31.085 GC heap before
{Heap before GC invocations=31 (full 0):
 garbage-first heap   total 118784K, used 97326K [0x0000000080000000, 0x0000000100000000)
  region size 1024K, 29 young (29696K), 4 survivors (4096K)
 Metaspace       used 84151K, capacity 85990K, committed 86096K, reserved 1124352K
  class space    used 10956K, capacity 11709K, committed 11724K, reserved 1048576K
}
Event: 31.098 GC heap after
{Heap after GC invocations=32 (full 0):
 garbage-first heap   total 118784K, used 74005K [0x0000000080000000, 0x0000000100000000)
  region size 1024K, 4 young (4096K), 4 survivors (4096K)
 Metaspace       used 84151K, capacity 85990K, committed 86096K, reserved 1124352K
  class space    used 10956K, capacity 11709K, committed 11724K, reserved 1048576K
}
Event: 32.095 GC heap before
{Heap before GC invocations=32 (full 0):
 garbage-first heap   total 118784K, used 99605K [0x0000000080000000, 0x0000000100000000)
  region size 1024K, 29 young (29696K), 4 survivors (4096K)
 Metaspace       used 87393K, capacity 89381K, committed 89680K, reserved 1126400K
  class space    used 11385K, capacity 12183K, committed 12236K, reserved 1048576K
}
Event: 32.104 GC heap after
{Heap after GC invocations=33 (full 0):
 garbage-first heap   total 118784K, used 75835K [0x0000000080000000, 0x0000000100000000)
  region size 1024K, 3 young (3072K), 3 survivors (3072K)
 Metaspace       used 87393K, capacity 89381K, committed 89680K, reserved 1126400K
  class space    used 11385K, capacity 12183K, committed 12236K, reserved 1048576K
}
Event: 33.188 GC heap before
{Heap before GC invocations=34 (full 0):
 garbage-first heap   total 118784K, used 100411K [0x0000000080000000, 0x0000000100000000)
  region size 1024K, 27 young (27648K), 3 survivors (3072K)
 Metaspace       used 89054K, capacity 91059K, committed 91216K, reserved 1128448K
  class space    used 11607K, capacity 12419K, committed 12492K, reserved 1048576K
}
Event: 33.201 GC heap after
{Heap after GC invocations=35 (full 0):
 garbage-first heap   total 118784K, used 77975K [0x0000000080000000, 0x0000000100000000)
  region size 1024K, 4 young (4096K), 4 survivors (4096K)
 Metaspace       used 89054K, capacity 91059K, committed 91216K, reserved 1128448K
  class space    used 11607K, capacity 12419K, committed 12492K, reserved 1048576K
}
Event: 33.980 GC heap before
{Heap before GC invocations=35 (full 0):
 garbage-first heap   total 118784K, used 100503K [0x0000000080000000, 0x0000000100000000)
  region size 1024K, 26 young (26624K), 4 survivors (4096K)
 Metaspace       used 90051K, capacity 92119K, committed 92368K, reserved 1128448K
  class space    used 11719K, capacity 12533K, committed 12620K, reserved 1048576K
}
Event: 34.004 GC heap after
{Heap after GC invocations=36 (full 0):
 garbage-first heap   total 118784K, used 80414K [0x0000000080000000, 0x0000000100000000)
  region size 1024K, 3 young (3072K), 3 survivors (3072K)
 Metaspace       used 90051K, capacity 92119K, committed 92368K, reserved 1128448K
  class space    used 11719K, capacity 12533K, committed 12620K, reserved 1048576K
}
Event: 34.499 GC heap before
{Heap before GC invocations=37 (full 0):
 garbage-first heap   total 118784K, used 100894K [0x0000000080000000, 0x0000000100000000)
  region size 1024K, 23 young (23552K), 3 survivors (3072K)
 Metaspace       used 90187K, capacity 92273K, committed 92368K, reserved 1128448K
  class space    used 11728K, capacity 12539K, committed 12620K, reserved 1048576K
}
Event: 34.509 GC heap after
{Heap after GC invocations=38 (full 0):
 garbage-first heap   total 143360K, used 82903K [0x0000000080000000, 0x0000000100000000)
  region size 1024K, 3 young (3072K), 3 survivors (3072K)
 Metaspace       used 90187K, capacity 92273K, committed 92368K, reserved 1128448K
  class space    used 11728K, capacity 12539K, committed 12620K, reserved 1048576K
}

