# JRE version: OpenJDK Runtime Environment (11.0.15) (build 11.0.15+0-b2043.56-9505619)
# Java VM: OpenJDK 64-Bit Server VM (11.0.15+0-b2043.56-9505619, mixed mode, tiered, compressed oops, g1 gc, windows-amd64)
Heap:
 garbage-first heap   total 293888K, used 216616K [0x0000000080000000, 0x0000000100000000)
  region size 1024K, 50 young (51200K), 3 survivors (3072K)
 Metaspace       used 94272K, capacity 97021K, committed 97276K, reserved 1132544K
  class space    used 12310K, capacity 13279K, committed 13388K, reserved 1048576K
GC Heap History (20 events):
Event: 20.219 GC heap before
{Heap before GC invocations=56 (full 0):
 garbage-first heap   total 203776K, used 123583K [0x0000000080000000, 0x0000000100000000)
  region size 1024K, 11 young (11264K), 2 survivors (2048K)
 Metaspace       used 62699K, capacity 64483K, committed 64764K, reserved 1105920K
  class space    used 7990K, capacity 8694K, committed 8780K, reserved 1048576K
}
Event: 20.228 GC heap after
{Heap after GC invocations=57 (full 0):
 garbage-first heap   total 203776K, used 116954K [0x0000000080000000, 0x0000000100000000)
  region size 1024K, 3 young (3072K), 3 survivors (3072K)
 Metaspace       used 62699K, capacity 64483K, committed 64764K, reserved 1105920K
  class space    used 7990K, capacity 8694K, committed 8780K, reserved 1048576K
}
Event: 21.138 GC heap before
{Heap before GC invocations=58 (full 0):
 garbage-first heap   total 203776K, used 160986K [0x0000000080000000, 0x0000000100000000)
  region size 1024K, 39 young (39936K), 3 survivors (3072K)
 Metaspace       used 64973K, capacity 66753K, committed 66812K, reserved 1107968K
  class space    used 8275K, capacity 8992K, committed 9036K, reserved 1048576K
}
Event: 21.150 GC heap after
{Heap after GC invocations=59 (full 0):
 garbage-first heap   total 244736K, used 119986K [0x0000000080000000, 0x0000000100000000)
  region size 1024K, 5 young (5120K), 5 survivors (5120K)
 Metaspace       used 64973K, capacity 66753K, committed 66812K, reserved 1107968K
  class space    used 8275K, capacity 8992K, committed 9036K, reserved 1048576K
}
Event: 21.886 GC heap before
{Heap before GC invocations=59 (full 0):
 garbage-first heap   total 244736K, used 142514K [0x0000000080000000, 0x0000000100000000)
  region size 1024K, 28 young (28672K), 5 survivors (5120K)
 Metaspace       used 66577K, capacity 68395K, committed 68604K, reserved 1107968K
  class space    used 8489K, capacity 9194K, committed 9292K, reserved 1048576K
}
Event: 21.898 GC heap after
{Heap after GC invocations=60 (full 0):
 garbage-first heap   total 244736K, used 121850K [0x0000000080000000, 0x0000000100000000)
  region size 1024K, 6 young (6144K), 6 survivors (6144K)
 Metaspace       used 66577K, capacity 68395K, committed 68604K, reserved 1107968K
  class space    used 8489K, capacity 9194K, committed 9292K, reserved 1048576K
}
Event: 23.551 GC heap before
{Heap before GC invocations=61 (full 0):
 garbage-first heap   total 244736K, used 179194K [0x0000000080000000, 0x0000000100000000)
  region size 1024K, 61 young (62464K), 6 survivors (6144K)
 Metaspace       used 70422K, capacity 72245K, committed 72444K, reserved 1112064K
  class space    used 8977K, capacity 9718K, committed 9804K, reserved 1048576K
}
Event: 23.570 GC heap after
{Heap after GC invocations=62 (full 0):
 garbage-first heap   total 244736K, used 124561K [0x0000000080000000, 0x0000000100000000)
  region size 1024K, 5 young (5120K), 5 survivors (5120K)
 Metaspace       used 70422K, capacity 72245K, committed 72444K, reserved 1112064K
  class space    used 8977K, capacity 9718K, committed 9804K, reserved 1048576K
}
Event: 25.162 GC heap before
{Heap before GC invocations=62 (full 0):
 garbage-first heap   total 244736K, used 182929K [0x0000000080000000, 0x0000000100000000)
  region size 1024K, 62 young (63488K), 5 survivors (5120K)
 Metaspace       used 74452K, capacity 76375K, committed 76412K, reserved 1116160K
  class space    used 9659K, capacity 10432K, committed 10444K, reserved 1048576K
}
Event: 25.183 GC heap after
{Heap after GC invocations=63 (full 0):
 garbage-first heap   total 244736K, used 128144K [0x0000000080000000, 0x0000000100000000)
  region size 1024K, 7 young (7168K), 7 survivors (7168K)
 Metaspace       used 74452K, capacity 76375K, committed 76412K, reserved 1116160K
  class space    used 9659K, capacity 10432K, committed 10444K, reserved 1048576K
}
Event: 26.793 GC heap before
{Heap before GC invocations=64 (full 0):
 garbage-first heap   total 244736K, used 172176K [0x0000000080000000, 0x0000000100000000)
  region size 1024K, 51 young (52224K), 7 survivors (7168K)
 Metaspace       used 78921K, capacity 80896K, committed 81148K, reserved 1120256K
  class space    used 10281K, capacity 11069K, committed 11084K, reserved 1048576K
}
Event: 26.812 GC heap after
{Heap after GC invocations=65 (full 0):
 garbage-first heap   total 293888K, used 130802K [0x0000000080000000, 0x0000000100000000)
  region size 1024K, 7 young (7168K), 7 survivors (7168K)
 Metaspace       used 78921K, capacity 80896K, committed 81148K, reserved 1120256K
  class space    used 10281K, capacity 11069K, committed 11084K, reserved 1048576K
}
Event: 27.048 GC heap before
{Heap before GC invocations=66 (full 0):
 garbage-first heap   total 293888K, used 152306K [0x0000000080000000, 0x0000000100000000)
  region size 1024K, 10 young (10240K), 7 survivors (7168K)
 Metaspace       used 78921K, capacity 80896K, committed 81148K, reserved 1120256K
  class space    used 10281K, capacity 11069K, committed 11084K, reserved 1048576K
}
Event: 27.067 GC heap after
{Heap after GC invocations=67 (full 0):
 garbage-first heap   total 293888K, used 153967K [0x0000000080000000, 0x0000000100000000)
  region size 1024K, 6 young (6144K), 6 survivors (6144K)
 Metaspace       used 78921K, capacity 80896K, committed 81148K, reserved 1120256K
  class space    used 10281K, capacity 11069K, committed 11084K, reserved 1048576K
}
Event: 29.025 GC heap before
{Heap before GC invocations=68 (full 0):
 garbage-first heap   total 293888K, used 232815K [0x0000000080000000, 0x0000000100000000)
  region size 1024K, 77 young (78848K), 6 survivors (6144K)
 Metaspace       used 81926K, capacity 84186K, committed 84348K, reserved 1122304K
  class space    used 10695K, capacity 11591K, committed 11724K, reserved 1048576K
}
Event: 29.038 GC heap after
{Heap after GC invocations=69 (full 0):
 garbage-first heap   total 293888K, used 166351K [0x0000000080000000, 0x0000000100000000)
  region size 1024K, 10 young (10240K), 10 survivors (10240K)
 Metaspace       used 81926K, capacity 84186K, committed 84348K, reserved 1122304K
  class space    used 10695K, capacity 11591K, committed 11724K, reserved 1048576K
}
Event: 29.361 GC heap before
{Heap before GC invocations=69 (full 0):
 garbage-first heap   total 293888K, used 202191K [0x0000000080000000, 0x0000000100000000)
  region size 1024K, 47 young (48128K), 10 survivors (10240K)
 Metaspace       used 83156K, capacity 85474K, committed 85756K, reserved 1124352K
  class space    used 10829K, capacity 11720K, committed 11852K, reserved 1048576K
}
Event: 29.391 GC heap after
{Heap after GC invocations=70 (full 0):
 garbage-first heap   total 293888K, used 168339K [0x0000000080000000, 0x0000000100000000)
  region size 1024K, 2 young (2048K), 2 survivors (2048K)
 Metaspace       used 83156K, capacity 85474K, committed 85756K, reserved 1124352K
  class space    used 10829K, capacity 11720K, committed 11852K, reserved 1048576K
}
Event: 31.355 GC heap before
{Heap before GC invocations=71 (full 0):
 garbage-first heap   total 293888K, used 227731K [0x0000000080000000, 0x0000000100000000)
  region size 1024K, 59 young (60416K), 2 survivors (2048K)
 Metaspace       used 90231K, capacity 92709K, committed 93052K, reserved 1130496K
  class space    used 11716K, capacity 12625K, committed 12748K, reserved 1048576K
}
Event: 31.361 GC heap after
{Heap after GC invocations=72 (full 0):
 garbage-first heap   total 293888K, used 169512K [0x0000000080000000, 0x0000000100000000)
  region size 1024K, 3 young (3072K), 3 survivors (3072K)
 Metaspace       used 90231K, capacity 92709K, committed 93052K, reserved 1130496K
  class space    used 11716K, capacity 12625K, committed 12748K, reserved 1048576K
}

